#
# There is insufficient memory for the Java Runtime Environment to continue.
# Native memory allocation (mmap) failed to map 899284992 bytes for committing reserved memory.
# Possible reasons:
#   The system is out of physical RAM or swap space
#   In 32 bit mode, the process size limit was hit
# Possible solutions:
#   Reduce memory load on the system
#   Increase physical memory or swap space
#   Check if swap backing store is full
#   Use 64 bit Java on a 64 bit OS
#   Decrease Java heap size (-Xmx/-Xms)
#   Decrease number of Java threads
#   Decrease Java thread stack sizes (-Xss)
#   Set larger code cache with -XX:ReservedCodeCacheSize=
# This output file may be truncated or incomplete.
#
#  Out of Memory Error (os_linux.cpp:2760), pid=20168, tid=0x00007f27479bf700
#
# JRE version:  (8.0_191-b12) (build )
# Java VM: OpenJDK 64-Bit Server VM (25.191-b12 mixed mode linux-amd64 compressed oops)
# Failed to write core dump. Core dumps have been disabled. To enable core dumping, try "ulimit -c unlimited" before starting Java again
#

---------------  T H R E A D  ---------------

Current thread (0x00007f274004d000):  JavaThread "Unknown thread" [_thread_in_vm, id=20169, stack(0x00007f27478c0000,0x00007f27479c0000)]

Stack: [0x00007f27478c0000,0x00007f27479c0000],  sp=0x00007f27479be4d0,  free space=1017k
Native frames: (J=compiled Java code, j=interpreted, Vv=VM code, C=native code)
V  [libjvm.so+0xada72d]
V  [libjvm.so+0x4ff92a]
V  [libjvm.so+0x8cfe98]
V  [libjvm.so+0x8c707e]
V  [libjvm.so+0xad74d4]
V  [libjvm.so+0x5ef96c]
V  [libjvm.so+0x4e557a]
V  [libjvm.so+0x5f06d1]
V  [libjvm.so+0x5e14f8]
V  [libjvm.so+0xaa39f9]
V  [libjvm.so+0xaa3c92]
V  [libjvm.so+0x631ac5]
V  [libjvm.so+0xa8696e]
V  [libjvm.so+0x6b1da5]  JNI_CreateJavaVM+0x65
C  [libjli.so+0x2ff7]
C  [libpthread.so.0+0x7e25]  start_thread+0xc5


---------------  P R O C E S S  ---------------

Java Threads: ( => current thread )

Other Threads:

=>0x00007f274004d000 (exited) JavaThread "Unknown thread" [_thread_in_vm, id=20169, stack(0x00007f27478c0000,0x00007f27479c0000)]

VM state:not at safepoint (not fully initialized)

VM Mutex/Monitor currently owned by a thread: None

GC Heap History (0 events):
No events

Deoptimization events (0 events):
No events

Classes redefined (0 events):
No events

Internal exceptions (0 events):
No events

Events (0 events):
No events


Dynamic libraries:
00400000-00401000 r-xp 00000000 fd:00 110326742                          /usr/lib/jvm/java-1.8.0-openjdk-1.8.0.191.b12-0.el7_5.x86_64/bin/java
00600000-00601000 r--p 00000000 fd:00 110326742                          /usr/lib/jvm/java-1.8.0-openjdk-1.8.0.191.b12-0.el7_5.x86_64/bin/java
00601000-00602000 rw-p 00001000 fd:00 110326742                          /usr/lib/jvm/java-1.8.0-openjdk-1.8.0.191.b12-0.el7_5.x86_64/bin/java
00ae9000-00b0a000 rw-p 00000000 00:00 0                                  [heap]
80000000-8a660000 rw-p 00000000 00:00 0 
c0000000-100000000 ---p 00000000 00:00 0 
7f2724000000-7f2724021000 rw-p 00000000 00:00 0 
7f2724021000-7f2728000000 ---p 00000000 00:00 0 
7f272c000000-7f272c021000 rw-p 00000000 00:00 0 
7f272c021000-7f2730000000 ---p 00000000 00:00 0 
7f2730bff000-7f2730c53000 rw-p 00000000 00:00 0 
7f2730c53000-7f2730fff000 ---p 00000000 00:00 0 
7f2730fff000-7f2731000000 rw-p 00000000 00:00 0 
7f2731000000-7f2731270000 rwxp 00000000 00:00 0 
7f2731270000-7f2740000000 ---p 00000000 00:00 0 
7f2740000000-7f2740076000 rw-p 00000000 00:00 0 
7f2740076000-7f2744000000 ---p 00000000 00:00 0 
7f274415c000-7f274435e000 rw-p 00000000 00:00 0 
7f274435e000-7f274435f000 ---p 00000000 00:00 0 
7f274435f000-7f274445f000 rw-p 00000000 00:00 0 
7f274445f000-7f2744460000 ---p 00000000 00:00 0 
7f2744460000-7f274456a000 rw-p 00000000 00:00 0 
7f274456a000-7f2744920000 ---p 00000000 00:00 0 
7f2744920000-7f2744928000 r-xp 00000000 fd:00 41163601                   /usr/lib/jvm/java-1.8.0-openjdk-1.8.0.191.b12-0.el7_5.x86_64/jre/lib/amd64/libzip.so
7f2744928000-7f2744b27000 ---p 00008000 fd:00 41163601                   /usr/lib/jvm/java-1.8.0-openjdk-1.8.0.191.b12-0.el7_5.x86_64/jre/lib/amd64/libzip.so
7f2744b27000-7f2744b28000 r--p 00007000 fd:00 41163601                   /usr/lib/jvm/java-1.8.0-openjdk-1.8.0.191.b12-0.el7_5.x86_64/jre/lib/amd64/libzip.so
7f2744b28000-7f2744b29000 rw-p 00008000 fd:00 41163601                   /usr/lib/jvm/java-1.8.0-openjdk-1.8.0.191.b12-0.el7_5.x86_64/jre/lib/amd64/libzip.so
7f2744b29000-7f2744b35000 r-xp 00000000 fd:00 103204745                  /usr/lib64/libnss_files-2.17.so
7f2744b35000-7f2744d34000 ---p 0000c000 fd:00 103204745                  /usr/lib64/libnss_files-2.17.so
7f2744d34000-7f2744d35000 r--p 0000b000 fd:00 103204745                  /usr/lib64/libnss_files-2.17.so
7f2744d35000-7f2744d36000 rw-p 0000c000 fd:00 103204745                  /usr/lib64/libnss_files-2.17.so
7f2744d36000-7f2744d3c000 rw-p 00000000 00:00 0 
7f2744d3c000-7f2744d6a000 r-xp 00000000 fd:00 41163583                   /usr/lib/jvm/java-1.8.0-openjdk-1.8.0.191.b12-0.el7_5.x86_64/jre/lib/amd64/libjava.so
7f2744d6a000-7f2744f69000 ---p 0002e000 fd:00 41163583                   /usr/lib/jvm/java-1.8.0-openjdk-1.8.0.191.b12-0.el7_5.x86_64/jre/lib/amd64/libjava.so
7f2744f69000-7f2744f6a000 r--p 0002d000 fd:00 41163583                   /usr/lib/jvm/java-1.8.0-openjdk-1.8.0.191.b12-0.el7_5.x86_64/jre/lib/amd64/libjava.so
7f2744f6a000-7f2744f6c000 rw-p 0002e000 fd:00 41163583                   /usr/lib/jvm/java-1.8.0-openjdk-1.8.0.191.b12-0.el7_5.x86_64/jre/lib/amd64/libjava.so
7f2744f6c000-7f2744f79000 r-xp 00000000 fd:00 41163600                   /usr/lib/jvm/java-1.8.0-openjdk-1.8.0.191.b12-0.el7_5.x86_64/jre/lib/amd64/libverify.so
7f2744f79000-7f2745178000 ---p 0000d000 fd:00 41163600                   /usr/lib/jvm/java-1.8.0-openjdk-1.8.0.191.b12-0.el7_5.x86_64/jre/lib/amd64/libverify.so
7f2745178000-7f274517a000 r--p 0000c000 fd:00 41163600                   /usr/lib/jvm/java-1.8.0-openjdk-1.8.0.191.b12-0.el7_5.x86_64/jre/lib/amd64/libverify.so
7f274517a000-7f274517b000 rw-p 0000e000 fd:00 41163600                   /usr/lib/jvm/java-1.8.0-openjdk-1.8.0.191.b12-0.el7_5.x86_64/jre/lib/amd64/libverify.so
7f274517b000-7f2745182000 r-xp 00000000 fd:00 103204757                  /usr/lib64/librt-2.17.so
7f2745182000-7f2745381000 ---p 00007000 fd:00 103204757                  /usr/lib64/librt-2.17.so
7f2745381000-7f2745382000 r--p 00006000 fd:00 103204757                  /usr/lib64/librt-2.17.so
7f2745382000-7f2745383000 rw-p 00007000 fd:00 103204757                  /usr/lib64/librt-2.17.so
7f2745383000-7f2745398000 r-xp 00000000 fd:00 101925059                  /usr/lib64/libgcc_s-4.8.5-20150702.so.1
7f2745398000-7f2745597000 ---p 00015000 fd:00 101925059                  /usr/lib64/libgcc_s-4.8.5-20150702.so.1
7f2745597000-7f2745598000 r--p 00014000 fd:00 101925059                  /usr/lib64/libgcc_s-4.8.5-20150702.so.1
7f2745598000-7f2745599000 rw-p 00015000 fd:00 101925059                  /usr/lib64/libgcc_s-4.8.5-20150702.so.1
7f2745599000-7f274569a000 r-xp 00000000 fd:00 100665055                  /usr/lib64/libm-2.17.so
7f274569a000-7f2745899000 ---p 00101000 fd:00 100665055                  /usr/lib64/libm-2.17.so
7f2745899000-7f274589a000 r--p 00100000 fd:00 100665055                  /usr/lib64/libm-2.17.so
7f274589a000-7f274589b000 rw-p 00101000 fd:00 100665055                  /usr/lib64/libm-2.17.so
7f274589b000-7f2745984000 r-xp 00000000 fd:00 100665065                  /usr/lib64/libstdc++.so.6.0.19
7f2745984000-7f2745b83000 ---p 000e9000 fd:00 100665065                  /usr/lib64/libstdc++.so.6.0.19
7f2745b83000-7f2745b8b000 r--p 000e8000 fd:00 100665065                  /usr/lib64/libstdc++.so.6.0.19
7f2745b8b000-7f2745b8d000 rw-p 000f0000 fd:00 100665065                  /usr/lib64/libstdc++.so.6.0.19
7f2745b8d000-7f2745ba2000 rw-p 00000000 00:00 0 
7f2745ba2000-7f2746896000 r-xp 00000000 fd:00 1534513                    /usr/lib/jvm/java-1.8.0-openjdk-1.8.0.191.b12-0.el7_5.x86_64/jre/lib/amd64/server/libjvm.so
7f2746896000-7f2746a95000 ---p 00cf4000 fd:00 1534513                    /usr/lib/jvm/java-1.8.0-openjdk-1.8.0.191.b12-0.el7_5.x86_64/jre/lib/amd64/server/libjvm.so
7f2746a95000-7f2746b43000 r--p 00cf3000 fd:00 1534513                    /usr/lib/jvm/java-1.8.0-openjdk-1.8.0.191.b12-0.el7_5.x86_64/jre/lib/amd64/server/libjvm.so
7f2746b43000-7f2746b6d000 rw-p 00da1000 fd:00 1534513                    /usr/lib/jvm/java-1.8.0-openjdk-1.8.0.191.b12-0.el7_5.x86_64/jre/lib/amd64/server/libjvm.so
7f2746b6d000-7f2746ba0000 rw-p 00000000 00:00 0 
7f2746ba0000-7f2746d63000 r-xp 00000000 fd:00 100665047                  /usr/lib64/libc-2.17.so
7f2746d63000-7f2746f62000 ---p 001c3000 fd:00 100665047                  /usr/lib64/libc-2.17.so
7f2746f62000-7f2746f66000 r--p 001c2000 fd:00 100665047                  /usr/lib64/libc-2.17.so
7f2746f66000-7f2746f68000 rw-p 001c6000 fd:00 100665047                  /usr/lib64/libc-2.17.so
7f2746f68000-7f2746f6d000 rw-p 00000000 00:00 0 
7f2746f6d000-7f2746f6f000 r-xp 00000000 fd:00 100665053                  /usr/lib64/libdl-2.17.so
7f2746f6f000-7f274716f000 ---p 00002000 fd:00 100665053                  /usr/lib64/libdl-2.17.so
7f274716f000-7f2747170000 r--p 00002000 fd:00 100665053                  /usr/lib64/libdl-2.17.so
7f2747170000-7f2747171000 rw-p 00003000 fd:00 100665053                  /usr/lib64/libdl-2.17.so
7f2747171000-7f274717f000 r-xp 00000000 fd:00 2112122                    /usr/lib/jvm/java-1.8.0-openjdk-1.8.0.191.b12-0.el7_5.x86_64/lib/amd64/jli/libjli.so
7f274717f000-7f274737e000 ---p 0000e000 fd:00 2112122                    /usr/lib/jvm/java-1.8.0-openjdk-1.8.0.191.b12-0.el7_5.x86_64/lib/amd64/jli/libjli.so
7f274737e000-7f274737f000 r--p 0000d000 fd:00 2112122                    /usr/lib/jvm/java-1.8.0-openjdk-1.8.0.191.b12-0.el7_5.x86_64/lib/amd64/jli/libjli.so
7f274737f000-7f2747380000 rw-p 0000e000 fd:00 2112122                    /usr/lib/jvm/java-1.8.0-openjdk-1.8.0.191.b12-0.el7_5.x86_64/lib/amd64/jli/libjli.so
7f2747380000-7f2747395000 r-xp 00000000 fd:00 100751687                  /usr/lib64/libz.so.1.2.7
7f2747395000-7f2747594000 ---p 00015000 fd:00 100751687                  /usr/lib64/libz.so.1.2.7
7f2747594000-7f2747595000 r--p 00014000 fd:00 100751687                  /usr/lib64/libz.so.1.2.7
7f2747595000-7f2747596000 rw-p 00015000 fd:00 100751687                  /usr/lib64/libz.so.1.2.7
7f2747596000-7f27475ad000 r-xp 00000000 fd:00 103204753                  /usr/lib64/libpthread-2.17.so
7f27475ad000-7f27477ac000 ---p 00017000 fd:00 103204753                  /usr/lib64/libpthread-2.17.so
7f27477ac000-7f27477ad000 r--p 00016000 fd:00 103204753                  /usr/lib64/libpthread-2.17.so
7f27477ad000-7f27477ae000 rw-p 00017000 fd:00 103204753                  /usr/lib64/libpthread-2.17.so
7f27477ae000-7f27477b2000 rw-p 00000000 00:00 0 
7f27477b2000-7f27477d4000 r-xp 00000000 fd:00 102637184                  /usr/lib64/ld-2.17.so
7f274787e000-7f27478bf000 rw-p 00000000 00:00 0 
7f27478bf000-7f27478c3000 ---p 00000000 00:00 0 
7f27478c3000-7f27479c6000 rw-p 00000000 00:00 0 
7f27479c6000-7f27479c8000 rw-p 00000000 00:00 0 
7f27479c8000-7f27479d0000 rw-s 00000000 fd:00 78095120                   /tmp/hsperfdata_root/20168
7f27479d0000-7f27479d1000 rw-p 00000000 00:00 0 
7f27479d1000-7f27479d2000 r--p 00000000 00:00 0 
7f27479d2000-7f27479d3000 rw-p 00000000 00:00 0 
7f27479d3000-7f27479d4000 r--p 00021000 fd:00 102637184                  /usr/lib64/ld-2.17.so
7f27479d4000-7f27479d5000 rw-p 00022000 fd:00 102637184                  /usr/lib64/ld-2.17.so
7f27479d5000-7f27479d6000 rw-p 00000000 00:00 0 
7ffe4637c000-7ffe4639e000 rw-p 00000000 00:00 0                          [stack]
7ffe463f6000-7ffe463f8000 r-xp 00000000 00:00 0                          [vdso]
ffffffffff600000-ffffffffff601000 r-xp 00000000 00:00 0                  [vsyscall]

VM Arguments:
jvm_args: -Xms1g -Xmx2g -Djava.awt.headless=true -XX:+UseCompressedOops -XX:+UseConcMarkSweepGC -XX:+DisableExplicitGC -Dhttp.agent=Sakai -Dorg.apache.jasper.compiler.Parser.STRICT_QUOTE_ESCAPING=false -Dsakai.security=/usr/local/tomcat/sakai/ -Duser.timezone=US/Eastern -Dsakai.cookieName=SAKAI2SESSIONID -Dcom.sun.management.jmxremote -Dcom.sun.management.jmxremote.port=8089 -Dcom.sun.management.jmxremote.local.only=false -Dcom.sun.management.jmxremote.authenticate=false -Dcom.sun.management.jmxremote.ssl=false -Djdk.tls.ephemeralDHKeySize=2048 -Djava.protocol.handler.pkgs=org.apache.catalina.webresources -Dorg.apache.catalina.security.SecurityListener.UMASK=0027 -Djava.endorsed.dirs=/usr/local/tomcat/endorsed -Dcatalina.base=/usr/local/tomcat -Dcatalina.home=/usr/local/tomcat -Djava.io.tmpdir=/usr/local/tomcat/temp 
java_command: org.apache.catalina.startup.Bootstrap stop
java_class_path (initial): /usr/local/tomcat/bin/bootstrap.jar:/usr/local/tomcat/bin/tomcat-juli.jar
Launcher Type: SUN_STANDARD

Environment Variables:
JAVA_HOME=/usr/lib/jvm/java
PATH=/usr/local/sbin:/usr/local/bin:/usr/sbin:/usr/bin:/opt/bin:/usr/local/maven/bin:/usr/local/tomcat/bin:/root/bin
SHELL=/bin/bash

Signal Handlers:
SIGSEGV: [libjvm.so+0xadb250], sa_mask[0]=11111111011111111101111111111110, sa_flags=SA_RESTART|SA_SIGINFO
SIGBUS: [libjvm.so+0xadb250], sa_mask[0]=11111111011111111101111111111110, sa_flags=SA_RESTART|SA_SIGINFO
SIGFPE: [libjvm.so+0x8cb1b0], sa_mask[0]=11111111011111111101111111111110, sa_flags=SA_RESTART|SA_SIGINFO
SIGPIPE: [libjvm.so+0x8cb1b0], sa_mask[0]=11111111011111111101111111111110, sa_flags=SA_RESTART|SA_SIGINFO
SIGXFSZ: [libjvm.so+0x8cb1b0], sa_mask[0]=11111111011111111101111111111110, sa_flags=SA_RESTART|SA_SIGINFO
SIGILL: [libjvm.so+0x8cb1b0], sa_mask[0]=11111111011111111101111111111110, sa_flags=SA_RESTART|SA_SIGINFO
SIGUSR1: SIG_DFL, sa_mask[0]=00000000000000000000000000000000, sa_flags=none
SIGUSR2: [libjvm.so+0x8cb060], sa_mask[0]=00000000000000000000000000000000, sa_flags=SA_RESTART|SA_SIGINFO
SIGHUP: SIG_DFL, sa_mask[0]=00000000000000000000000000000000, sa_flags=none
SIGINT: SIG_DFL, sa_mask[0]=00000000000000000000000000000000, sa_flags=none
SIGTERM: SIG_DFL, sa_mask[0]=00000000000000000000000000000000, sa_flags=none
SIGQUIT: SIG_DFL, sa_mask[0]=00000000000000000000000000000000, sa_flags=none


---------------  S Y S T E M  ---------------

OS:CentOS Linux release 7.5.1804 (Core) 

uname:Linux 3.10.0-862.14.4.el7.x86_64 #1 SMP Wed Sep 26 15:12:11 UTC 2018 x86_64
libc:glibc 2.17 NPTL 2.17 
rlimit: STACK 8192k, CORE 0k, NPROC 65535, NOFILE 65535, AS infinity
load average:0.24 0.08 0.06

/proc/meminfo:
MemTotal:        1882988 kB
MemFree:           71124 kB
MemAvailable:     132224 kB
Buffers:              60 kB
Cached:           156700 kB
SwapCached:        96088 kB
Active:          1135680 kB
Inactive:         440176 kB
Active(anon):    1061076 kB
Inactive(anon):   360080 kB
Active(file):      74604 kB
Inactive(file):    80096 kB
Unevictable:           0 kB
Mlocked:               0 kB
SwapTotal:       3907580 kB
SwapFree:         517636 kB
Dirty:                44 kB
Writeback:             0 kB
AnonPages:       1323156 kB
Mapped:            27472 kB
Shmem:              2060 kB
Slab:             113156 kB
SReclaimable:      75132 kB
SUnreclaim:        38024 kB
KernelStack:       22112 kB
PageTables:        17136 kB
NFS_Unstable:          0 kB
Bounce:                0 kB
WritebackTmp:          0 kB
CommitLimit:     4849072 kB
Committed_AS:    6583204 kB
VmallocTotal:   34359738367 kB
VmallocUsed:      147668 kB
VmallocChunk:   34359341052 kB
HardwareCorrupted:     0 kB
AnonHugePages:     26624 kB
CmaTotal:              0 kB
CmaFree:               0 kB
HugePages_Total:       0
HugePages_Free:        0
HugePages_Rsvd:        0
HugePages_Surp:        0
Hugepagesize:       2048 kB
DirectMap4k:       63424 kB
DirectMap2M:     2033664 kB

container (cgroup) information:
container_type: cgroupv1
cpu_cpuset_cpus: 0-1
cpu_memory_nodes: 0
active_processor_count: 2
cpu_quota: -1
cpu_period: 100000
cpu_shares: -1
memory_limit_in_bytes: -1
memory_and_swap_limit_in_bytes: -1
memory_soft_limit_in_bytes: -1
memory_usage_in_bytes: 1516998656
memory_max_usage_in_bytes: 0


CPU:total 2 (initial active 2) (1 cores per cpu, 1 threads per core) family 6 model 15 stepping 1, cmov, cx8, fxsr, mmx, sse, sse2, sse3, ssse3, tsc, tscinvbit

/proc/cpuinfo:
processor	: 0
vendor_id	: GenuineIntel
cpu family	: 6
model		: 15
model name	: Intel(R) Xeon(R) CPU E5-2680 0 @ 2.70GHz
stepping	: 1
microcode	: 0x713
cpu MHz		: 2700.000
cache size	: 20480 KB
physical id	: 0
siblings	: 1
core id		: 0
cpu cores	: 1
apicid		: 0
initial apicid	: 0
fpu		: yes
fpu_exception	: yes
cpuid level	: 10
wp		: yes
flags		: fpu vme de pse tsc msr pae mce cx8 apic sep mtrr pge mca cmov pat pse36 clflush dts mmx fxsr sse sse2 ss syscall nx lm constant_tsc arch_perfmon pebs bts nopl tsc_reliable nonstop_tsc eagerfpu pni ssse3 cx16 hypervisor lahf_lm arat
bogomips	: 5400.00
clflush size	: 64
cache_alignment	: 64
address sizes	: 40 bits physical, 48 bits virtual
power management:

processor	: 1
vendor_id	: GenuineIntel
cpu family	: 6
model		: 15
model name	: Intel(R) Xeon(R) CPU E5-2680 0 @ 2.70GHz
stepping	: 1
microcode	: 0x713
cpu MHz		: 2700.000
cache size	: 20480 KB
physical id	: 2
siblings	: 1
core id		: 0
cpu cores	: 1
apicid		: 2
initial apicid	: 2
fpu		: yes
fpu_exception	: yes
cpuid level	: 10
wp		: yes
flags		: fpu vme de pse tsc msr pae mce cx8 apic sep mtrr pge mca cmov pat pse36 clflush dts mmx fxsr sse sse2 ss syscall nx lm constant_tsc arch_perfmon pebs bts nopl tsc_reliable nonstop_tsc eagerfpu pni ssse3 cx16 hypervisor lahf_lm arat
bogomips	: 5400.00
clflush size	: 64
cache_alignment	: 64
address sizes	: 40 bits physical, 48 bits virtual
power management:



Memory: 4k page, physical 1882988k(71124k free), swap 3907580k(517636k free)

vm_info: OpenJDK 64-Bit Server VM (25.191-b12) for linux-amd64 JRE (1.8.0_191-b12), built on Oct 17 2018 20:35:17 by "mockbuild" with gcc 4.8.5 20150623 (Red Hat 4.8.5-28)

time: Fri Jan 22 17:00:49 2021
elapsed time: 0 seconds (0d 0h 0m 0s)

